<?xml version="1.0" encoding="UTF-8"?>
<!-- Generated by org.testng.reporters.JUnitReportReporter -->
<testsuite hostname="DESKTOP-76B9QQE" failures="0" tests="1" name="org.Ecommerce.testcases.TC006_PlaceOrder" time="67.818" errors="0" timestamp="2020-05-03T19:16:26 IST" skipped="0">
  <testcase classname="org.Ecommerce.testcases.TC006_PlaceOrder" name="test" time="67.818"/>
</testsuite> <!-- org.Ecommerce.testcases.TC006_PlaceOrder -->
