<?xml version="1.0" encoding="UTF-8"?>
<!-- Generated by org.testng.reporters.JUnitReportReporter -->
<testsuite hostname="DESKTOP-76B9QQE" failures="0" tests="1" name="org.Ecommerce.testcases.TC008_Orderhistory" time="42.156" errors="0" timestamp="2020-05-03T21:27:26 IST" skipped="0">
  <testcase classname="org.Ecommerce.testcases.TC008_Orderhistory" name="test" time="42.156"/>
</testsuite> <!-- org.Ecommerce.testcases.TC008_Orderhistory -->
