<?xml version="1.0" encoding="UTF-8"?>
<!-- Generated by org.testng.reporters.JUnitReportReporter -->
<testsuite hostname="DESKTOP-76B9QQE" failures="0" tests="1" name="org.Ecommerce.testcases.TC002_Addtocart" time="35.327" errors="0" timestamp="2020-05-03T14:27:48 IST" skipped="0">
  <testcase classname="org.Ecommerce.testcases.TC002_Addtocart" name="test" time="35.327"/>
</testsuite> <!-- org.Ecommerce.testcases.TC002_Addtocart -->
