<?xml version="1.0" encoding="UTF-8"?>
<!-- Generated by org.testng.reporters.JUnitReportReporter -->
<testsuite hostname="DESKTOP-76B9QQE" failures="0" tests="1" name="org.Ecommerce.testcases.TC001_SearchPage" time="176.560" errors="0" timestamp="2020-05-01T14:31:52 IST" skipped="0">
  <testcase classname="org.Ecommerce.testcases.TC001_SearchPage" name="test" time="176.560"/>
</testsuite> <!-- org.Ecommerce.testcases.TC001_SearchPage -->
