<?xml version="1.0" encoding="UTF-8"?>
<!-- Generated by org.testng.reporters.JUnitReportReporter -->
<testsuite hostname="DESKTOP-76B9QQE" failures="0" tests="1" name="org.Ecommerce.testcases.TC007_Wishlist" time="38.922" errors="0" timestamp="2020-05-03T22:11:36 IST" skipped="0">
  <testcase classname="org.Ecommerce.testcases.TC007_Wishlist" name="test" time="38.922"/>
</testsuite> <!-- org.Ecommerce.testcases.TC007_Wishlist -->
