<?xml version="1.0" encoding="UTF-8"?>
<!-- Generated by org.testng.reporters.JUnitReportReporter -->
<testsuite hostname="DESKTOP-76B9QQE" failures="0" tests="1" name="org.Ecommerce.testcases.TC003_RegistrationPage" time="64.945" errors="0" timestamp="2020-05-03T09:10:27 IST" skipped="0">
  <testcase classname="org.Ecommerce.testcases.TC003_RegistrationPage" name="test" time="64.945"/>
</testsuite> <!-- org.Ecommerce.testcases.TC003_RegistrationPage -->
