<?xml version="1.0" encoding="UTF-8"?>
<!-- Generated by org.testng.reporters.JUnitReportReporter -->
<testsuite hostname="DESKTOP-76B9QQE" failures="0" tests="1" name="org.Ecommerce.testcases.TC004_LoginPage" time="31.495" errors="0" timestamp="2020-05-02T19:38:26 IST" skipped="0">
  <testcase classname="org.Ecommerce.testcases.TC004_LoginPage" name="test" time="31.495"/>
</testsuite> <!-- org.Ecommerce.testcases.TC004_LoginPage -->
